[2018-10-30 16:25:57] ERROR org.springframework.web.servlet.FrameworkServlet 503 initServletBean - Context initialization failed org.springframework.beans.factory.UnsatisfiedDependencyException: Error creating bean with name 'userController': Unsatisfied dependency expressed through field 'mq'; nested exception is org.springframework.beans.factory.BeanCreationException: Error creating bean with name 'messageProducer': FactoryBean threw exception on object creation; nested exception is java.lang.IllegalStateException: Failed to check the status of the service com.xhkj.upms.service.mq.MessageProducer. No provider available for the service com.xhkj.upms.service.mq.MessageProducer from the url zookeeper://127.0.0.1:2181/com.alibaba.dubbo.registry.RegistryService?application=upms_manager_web&dubbo=2.6.1&interface=com.xhkj.upms.service.mq.MessageProducer&methods=send&pid=23124&register.ip=192.168.1.6&revision=0.0.1-SNAPSHOT&side=consumer&timestamp=1540887957530 to the consumer 192.168.1.6 use dubbo version 2.6.1
	at org.springframework.beans.factory.annotation.AutowiredAnnotationBeanPostProcessor$AutowiredFieldElement.inject(AutowiredAnnotationBeanPostProcessor.java:587) ~[spring-beans-5.0.7.RELEASE.jar:5.0.7.RELEASE]
	at org.springframework.beans.factory.annotation.InjectionMetadata.inject(InjectionMetadata.java:91) ~[spring-beans-5.0.7.RELEASE.jar:5.0.7.RELEASE]
	at org.springframework.beans.factory.annotation.AutowiredAnnotationBeanPostProcessor.postProcessPropertyValues(AutowiredAnnotationBeanPostProcessor.java:373) ~[spring-beans-5.0.7.RELEASE.jar:5.0.7.RELEASE]
	at org.springframework.beans.factory.support.AbstractAutowireCapableBeanFactory.populateBean(AbstractAutowireCapableBeanFactory.java:1350) ~[spring-beans-5.0.7.RELEASE.jar:5.0.7.RELEASE]
	at org.springframework.beans.factory.support.AbstractAutowireCapableBeanFactory.doCreateBean(AbstractAutowireCapableBeanFactory.java:580) ~[spring-beans-5.0.7.RELEASE.jar:5.0.7.RELEASE]
	at org.springframework.beans.factory.support.AbstractAutowireCapableBeanFactory.createBean(AbstractAutowireCapableBeanFactory.java:503) ~[spring-beans-5.0.7.RELEASE.jar:5.0.7.RELEASE]
	at org.springframework.beans.factory.support.AbstractBeanFactory.lambda$doGetBean$0(AbstractBeanFactory.java:317) ~[spring-beans-5.0.7.RELEASE.jar:5.0.7.RELEASE]
	at org.springframework.beans.factory.support.DefaultSingletonBeanRegistry.getSingleton(DefaultSingletonBeanRegistry.java:222) ~[spring-beans-5.0.7.RELEASE.jar:5.0.7.RELEASE]
	at org.springframework.beans.factory.support.AbstractBeanFactory.doGetBean(AbstractBeanFactory.java:315) ~[spring-beans-5.0.7.RELEASE.jar:5.0.7.RELEASE]
	at org.springframework.beans.factory.support.AbstractBeanFactory.getBean(AbstractBeanFactory.java:199) ~[spring-beans-5.0.7.RELEASE.jar:5.0.7.RELEASE]
	at org.springframework.beans.factory.support.DefaultListableBeanFactory.preInstantiateSingletons(DefaultListableBeanFactory.java:760) ~[spring-beans-5.0.7.RELEASE.jar:5.0.7.RELEASE]
	at org.springframework.context.support.AbstractApplicationContext.finishBeanFactoryInitialization(AbstractApplicationContext.java:869) ~[spring-context-5.0.7.RELEASE.jar:5.0.7.RELEASE]
	at org.springframework.context.support.AbstractApplicationContext.refresh(AbstractApplicationContext.java:550) ~[spring-context-5.0.7.RELEASE.jar:5.0.7.RELEASE]
	at org.springframework.web.servlet.FrameworkServlet.configureAndRefreshWebApplicationContext(FrameworkServlet.java:672) ~[spring-webmvc-5.0.7.RELEASE.jar:5.0.7.RELEASE]
	at org.springframework.web.servlet.FrameworkServlet.createWebApplicationContext(FrameworkServlet.java:638) ~[spring-webmvc-5.0.7.RELEASE.jar:5.0.7.RELEASE]
	at org.springframework.web.servlet.FrameworkServlet.createWebApplicationContext(FrameworkServlet.java:686) ~[spring-webmvc-5.0.7.RELEASE.jar:5.0.7.RELEASE]
	at org.springframework.web.servlet.FrameworkServlet.initWebApplicationContext(FrameworkServlet.java:554) ~[spring-webmvc-5.0.7.RELEASE.jar:5.0.7.RELEASE]
	at org.springframework.web.servlet.FrameworkServlet.initServletBean(FrameworkServlet.java:499) [spring-webmvc-5.0.7.RELEASE.jar:5.0.7.RELEASE]
	at org.springframework.web.servlet.HttpServletBean.init(HttpServletBean.java:172) [spring-webmvc-5.0.7.RELEASE.jar:5.0.7.RELEASE]
	at javax.servlet.GenericServlet.init(GenericServlet.java:160) [tomcat-embed-core-7.0.47.jar:7.0.47]
	at org.apache.catalina.core.StandardWrapper.initServlet(StandardWrapper.java:1280) [tomcat-embed-core-7.0.47.jar:7.0.47]
	at org.apache.catalina.core.StandardWrapper.loadServlet(StandardWrapper.java:1193) [tomcat-embed-core-7.0.47.jar:7.0.47]
	at org.apache.catalina.core.StandardWrapper.allocate(StandardWrapper.java:865) [tomcat-embed-core-7.0.47.jar:7.0.47]
	at org.apache.catalina.core.StandardWrapperValve.invoke(StandardWrapperValve.java:136) [tomcat-embed-core-7.0.47.jar:7.0.47]
	at org.apache.catalina.core.StandardContextValve.invoke(StandardContextValve.java:123) [tomcat-embed-core-7.0.47.jar:7.0.47]
	at org.apache.catalina.authenticator.AuthenticatorBase.invoke(AuthenticatorBase.java:502) [tomcat-embed-core-7.0.47.jar:7.0.47]
	at org.apache.catalina.core.StandardHostValve.invoke(StandardHostValve.java:171) [tomcat-embed-core-7.0.47.jar:7.0.47]
	at org.apache.catalina.valves.ErrorReportValve.invoke(ErrorReportValve.java:100) [tomcat-embed-core-7.0.47.jar:7.0.47]
	at org.apache.catalina.valves.AccessLogValve.invoke(AccessLogValve.java:953) [tomcat-embed-core-7.0.47.jar:7.0.47]
	at org.apache.catalina.core.StandardEngineValve.invoke(StandardEngineValve.java:118) [tomcat-embed-core-7.0.47.jar:7.0.47]
	at org.apache.catalina.connector.CoyoteAdapter.service(CoyoteAdapter.java:408) [tomcat-embed-core-7.0.47.jar:7.0.47]
	at org.apache.coyote.http11.AbstractHttp11Processor.process(AbstractHttp11Processor.java:1041) [tomcat-embed-core-7.0.47.jar:7.0.47]
	at org.apache.coyote.AbstractProtocol$AbstractConnectionHandler.process(AbstractProtocol.java:603) [tomcat-embed-core-7.0.47.jar:7.0.47]
	at org.apache.tomcat.util.net.JIoEndpoint$SocketProcessor.run(JIoEndpoint.java:310) [tomcat-embed-core-7.0.47.jar:7.0.47]
	at java.util.concurrent.ThreadPoolExecutor.runWorker(ThreadPoolExecutor.java:1142) [?:1.8.0_112]
	at java.util.concurrent.ThreadPoolExecutor$Worker.run(ThreadPoolExecutor.java:617) [?:1.8.0_112]
	at java.lang.Thread.run(Thread.java:745) [?:1.8.0_112]
Caused by: org.springframework.beans.factory.BeanCreationException: Error creating bean with name 'messageProducer': FactoryBean threw exception on object creation; nested exception is java.lang.IllegalStateException: Failed to check the status of the service com.xhkj.upms.service.mq.MessageProducer. No provider available for the service com.xhkj.upms.service.mq.MessageProducer from the url zookeeper://127.0.0.1:2181/com.alibaba.dubbo.registry.RegistryService?application=upms_manager_web&dubbo=2.6.1&interface=com.xhkj.upms.service.mq.MessageProducer&methods=send&pid=23124&register.ip=192.168.1.6&revision=0.0.1-SNAPSHOT&side=consumer&timestamp=1540887957530 to the consumer 192.168.1.6 use dubbo version 2.6.1
	at org.springframework.beans.factory.support.FactoryBeanRegistrySupport.doGetObjectFromFactoryBean(FactoryBeanRegistrySupport.java:178) ~[spring-beans-5.0.7.RELEASE.jar:5.0.7.RELEASE]
	at org.springframework.beans.factory.support.FactoryBeanRegistrySupport.getObjectFromFactoryBean(FactoryBeanRegistrySupport.java:101) ~[spring-beans-5.0.7.RELEASE.jar:5.0.7.RELEASE]
	at org.springframework.beans.factory.support.AbstractBeanFactory.getObjectForBeanInstance(AbstractBeanFactory.java:1645) ~[spring-beans-5.0.7.RELEASE.jar:5.0.7.RELEASE]
	at org.springframework.beans.factory.support.AbstractAutowireCapableBeanFactory.getObjectForBeanInstance(AbstractAutowireCapableBeanFactory.java:1184) ~[spring-beans-5.0.7.RELEASE.jar:5.0.7.RELEASE]
	at org.springframework.beans.factory.support.AbstractBeanFactory.doGetBean(AbstractBeanFactory.java:257) ~[spring-beans-5.0.7.RELEASE.jar:5.0.7.RELEASE]
	at org.springframework.beans.factory.support.AbstractBeanFactory.getBean(AbstractBeanFactory.java:199) ~[spring-beans-5.0.7.RELEASE.jar:5.0.7.RELEASE]
	at org.springframework.beans.factory.config.DependencyDescriptor.resolveCandidate(DependencyDescriptor.java:251) ~[spring-beans-5.0.7.RELEASE.jar:5.0.7.RELEASE]
	at org.springframework.beans.factory.support.DefaultListableBeanFactory.addCandidateEntry(DefaultListableBeanFactory.java:1325) ~[spring-beans-5.0.7.RELEASE.jar:5.0.7.RELEASE]
	at org.springframework.beans.factory.support.DefaultListableBeanFactory.findAutowireCandidates(DefaultListableBeanFactory.java:1291) ~[spring-beans-5.0.7.RELEASE.jar:5.0.7.RELEASE]
	at org.springframework.beans.factory.support.DefaultListableBeanFactory.doResolveDependency(DefaultListableBeanFactory.java:1101) ~[spring-beans-5.0.7.RELEASE.jar:5.0.7.RELEASE]
	at org.springframework.beans.factory.support.DefaultListableBeanFactory.resolveDependency(DefaultListableBeanFactory.java:1065) ~[spring-beans-5.0.7.RELEASE.jar:5.0.7.RELEASE]
	at org.springframework.beans.factory.annotation.AutowiredAnnotationBeanPostProcessor$AutowiredFieldElement.inject(AutowiredAnnotationBeanPostProcessor.java:584) ~[spring-beans-5.0.7.RELEASE.jar:5.0.7.RELEASE]
	... 36 more
Caused by: java.lang.IllegalStateException: Failed to check the status of the service com.xhkj.upms.service.mq.MessageProducer. No provider available for the service com.xhkj.upms.service.mq.MessageProducer from the url zookeeper://127.0.0.1:2181/com.alibaba.dubbo.registry.RegistryService?application=upms_manager_web&dubbo=2.6.1&interface=com.xhkj.upms.service.mq.MessageProducer&methods=send&pid=23124&register.ip=192.168.1.6&revision=0.0.1-SNAPSHOT&side=consumer&timestamp=1540887957530 to the consumer 192.168.1.6 use dubbo version 2.6.1
	at com.alibaba.dubbo.config.ReferenceConfig.createProxy(ReferenceConfig.java:422) ~[dubbo-2.6.1.jar:2.6.1]
	at com.alibaba.dubbo.config.ReferenceConfig.init(ReferenceConfig.java:333) ~[dubbo-2.6.1.jar:2.6.1]
	at com.alibaba.dubbo.config.ReferenceConfig.get(ReferenceConfig.java:163) ~[dubbo-2.6.1.jar:2.6.1]
	at com.alibaba.dubbo.config.spring.ReferenceBean.getObject(ReferenceBean.java:65) ~[dubbo-2.6.1.jar:2.6.1]
	at org.springframework.beans.factory.support.FactoryBeanRegistrySupport.doGetObjectFromFactoryBean(FactoryBeanRegistrySupport.java:171) ~[spring-beans-5.0.7.RELEASE.jar:5.0.7.RELEASE]
	at org.springframework.beans.factory.support.FactoryBeanRegistrySupport.getObjectFromFactoryBean(FactoryBeanRegistrySupport.java:101) ~[spring-beans-5.0.7.RELEASE.jar:5.0.7.RELEASE]
	at org.springframework.beans.factory.support.AbstractBeanFactory.getObjectForBeanInstance(AbstractBeanFactory.java:1645) ~[spring-beans-5.0.7.RELEASE.jar:5.0.7.RELEASE]
	at org.springframework.beans.factory.support.AbstractAutowireCapableBeanFactory.getObjectForBeanInstance(AbstractAutowireCapableBeanFactory.java:1184) ~[spring-beans-5.0.7.RELEASE.jar:5.0.7.RELEASE]
	at org.springframework.beans.factory.support.AbstractBeanFactory.doGetBean(AbstractBeanFactory.java:257) ~[spring-beans-5.0.7.RELEASE.jar:5.0.7.RELEASE]
	at org.springframework.beans.factory.support.AbstractBeanFactory.getBean(AbstractBeanFactory.java:199) ~[spring-beans-5.0.7.RELEASE.jar:5.0.7.RELEASE]
	at org.springframework.beans.factory.config.DependencyDescriptor.resolveCandidate(DependencyDescriptor.java:251) ~[spring-beans-5.0.7.RELEASE.jar:5.0.7.RELEASE]
	at org.springframework.beans.factory.support.DefaultListableBeanFactory.addCandidateEntry(DefaultListableBeanFactory.java:1325) ~[spring-beans-5.0.7.RELEASE.jar:5.0.7.RELEASE]
	at org.springframework.beans.factory.support.DefaultListableBeanFactory.findAutowireCandidates(DefaultListableBeanFactory.java:1291) ~[spring-beans-5.0.7.RELEASE.jar:5.0.7.RELEASE]
	at org.springframework.beans.factory.support.DefaultListableBeanFactory.doResolveDependency(DefaultListableBeanFactory.java:1101) ~[spring-beans-5.0.7.RELEASE.jar:5.0.7.RELEASE]
	at org.springframework.beans.factory.support.DefaultListableBeanFactory.resolveDependency(DefaultListableBeanFactory.java:1065) ~[spring-beans-5.0.7.RELEASE.jar:5.0.7.RELEASE]
	at org.springframework.beans.factory.annotation.AutowiredAnnotationBeanPostProcessor$AutowiredFieldElement.inject(AutowiredAnnotationBeanPostProcessor.java:584) ~[spring-beans-5.0.7.RELEASE.jar:5.0.7.RELEASE]
	... 36 more

[2018-10-30 16:25:59] ERROR org.springframework.web.servlet.FrameworkServlet 503 initServletBean - Context initialization failed org.springframework.beans.factory.UnsatisfiedDependencyException: Error creating bean with name 'userController': Unsatisfied dependency expressed through field 'mq'; nested exception is org.springframework.beans.factory.BeanCreationException: Error creating bean with name 'messageProducer': FactoryBean threw exception on object creation; nested exception is java.lang.IllegalStateException: Failed to check the status of the service com.xhkj.upms.service.mq.MessageProducer. No provider available for the service com.xhkj.upms.service.mq.MessageProducer from the url zookeeper://127.0.0.1:2181/com.alibaba.dubbo.registry.RegistryService?application=upms_manager_web&dubbo=2.6.1&interface=com.xhkj.upms.service.mq.MessageProducer&methods=send&pid=23124&register.ip=192.168.1.6&revision=0.0.1-SNAPSHOT&side=consumer&timestamp=1540887959364 to the consumer 192.168.1.6 use dubbo version 2.6.1
	at org.springframework.beans.factory.annotation.AutowiredAnnotationBeanPostProcessor$AutowiredFieldElement.inject(AutowiredAnnotationBeanPostProcessor.java:587) ~[spring-beans-5.0.7.RELEASE.jar:5.0.7.RELEASE]
	at org.springframework.beans.factory.annotation.InjectionMetadata.inject(InjectionMetadata.java:91) ~[spring-beans-5.0.7.RELEASE.jar:5.0.7.RELEASE]
	at org.springframework.beans.factory.annotation.AutowiredAnnotationBeanPostProcessor.postProcessPropertyValues(AutowiredAnnotationBeanPostProcessor.java:373) ~[spring-beans-5.0.7.RELEASE.jar:5.0.7.RELEASE]
	at org.springframework.beans.factory.support.AbstractAutowireCapableBeanFactory.populateBean(AbstractAutowireCapableBeanFactory.java:1350) ~[spring-beans-5.0.7.RELEASE.jar:5.0.7.RELEASE]
	at org.springframework.beans.factory.support.AbstractAutowireCapableBeanFactory.doCreateBean(AbstractAutowireCapableBeanFactory.java:580) ~[spring-beans-5.0.7.RELEASE.jar:5.0.7.RELEASE]
	at org.springframework.beans.factory.support.AbstractAutowireCapableBeanFactory.createBean(AbstractAutowireCapableBeanFactory.java:503) ~[spring-beans-5.0.7.RELEASE.jar:5.0.7.RELEASE]
	at org.springframework.beans.factory.support.AbstractBeanFactory.lambda$doGetBean$0(AbstractBeanFactory.java:317) ~[spring-beans-5.0.7.RELEASE.jar:5.0.7.RELEASE]
	at org.springframework.beans.factory.support.DefaultSingletonBeanRegistry.getSingleton(DefaultSingletonBeanRegistry.java:222) ~[spring-beans-5.0.7.RELEASE.jar:5.0.7.RELEASE]
	at org.springframework.beans.factory.support.AbstractBeanFactory.doGetBean(AbstractBeanFactory.java:315) ~[spring-beans-5.0.7.RELEASE.jar:5.0.7.RELEASE]
	at org.springframework.beans.factory.support.AbstractBeanFactory.getBean(AbstractBeanFactory.java:199) ~[spring-beans-5.0.7.RELEASE.jar:5.0.7.RELEASE]
	at org.springframework.beans.factory.support.DefaultListableBeanFactory.preInstantiateSingletons(DefaultListableBeanFactory.java:760) ~[spring-beans-5.0.7.RELEASE.jar:5.0.7.RELEASE]
	at org.springframework.context.support.AbstractApplicationContext.finishBeanFactoryInitialization(AbstractApplicationContext.java:869) ~[spring-context-5.0.7.RELEASE.jar:5.0.7.RELEASE]
	at org.springframework.context.support.AbstractApplicationContext.refresh(AbstractApplicationContext.java:550) ~[spring-context-5.0.7.RELEASE.jar:5.0.7.RELEASE]
	at org.springframework.web.servlet.FrameworkServlet.configureAndRefreshWebApplicationContext(FrameworkServlet.java:672) ~[spring-webmvc-5.0.7.RELEASE.jar:5.0.7.RELEASE]
	at org.springframework.web.servlet.FrameworkServlet.createWebApplicationContext(FrameworkServlet.java:638) ~[spring-webmvc-5.0.7.RELEASE.jar:5.0.7.RELEASE]
	at org.springframework.web.servlet.FrameworkServlet.createWebApplicationContext(FrameworkServlet.java:686) ~[spring-webmvc-5.0.7.RELEASE.jar:5.0.7.RELEASE]
	at org.springframework.web.servlet.FrameworkServlet.initWebApplicationContext(FrameworkServlet.java:554) ~[spring-webmvc-5.0.7.RELEASE.jar:5.0.7.RELEASE]
	at org.springframework.web.servlet.FrameworkServlet.initServletBean(FrameworkServlet.java:499) [spring-webmvc-5.0.7.RELEASE.jar:5.0.7.RELEASE]
	at org.springframework.web.servlet.HttpServletBean.init(HttpServletBean.java:172) [spring-webmvc-5.0.7.RELEASE.jar:5.0.7.RELEASE]
	at javax.servlet.GenericServlet.init(GenericServlet.java:160) [tomcat-embed-core-7.0.47.jar:7.0.47]
	at org.apache.catalina.core.StandardWrapper.initServlet(StandardWrapper.java:1280) [tomcat-embed-core-7.0.47.jar:7.0.47]
	at org.apache.catalina.core.StandardWrapper.loadServlet(StandardWrapper.java:1193) [tomcat-embed-core-7.0.47.jar:7.0.47]
	at org.apache.catalina.core.StandardWrapper.allocate(StandardWrapper.java:865) [tomcat-embed-core-7.0.47.jar:7.0.47]
	at org.apache.catalina.core.StandardWrapperValve.invoke(StandardWrapperValve.java:136) [tomcat-embed-core-7.0.47.jar:7.0.47]
	at org.apache.catalina.core.StandardContextValve.invoke(StandardContextValve.java:123) [tomcat-embed-core-7.0.47.jar:7.0.47]
	at org.apache.catalina.authenticator.AuthenticatorBase.invoke(AuthenticatorBase.java:502) [tomcat-embed-core-7.0.47.jar:7.0.47]
	at org.apache.catalina.core.StandardHostValve.invoke(StandardHostValve.java:171) [tomcat-embed-core-7.0.47.jar:7.0.47]
	at org.apache.catalina.valves.ErrorReportValve.invoke(ErrorReportValve.java:100) [tomcat-embed-core-7.0.47.jar:7.0.47]
	at org.apache.catalina.valves.AccessLogValve.invoke(AccessLogValve.java:953) [tomcat-embed-core-7.0.47.jar:7.0.47]
	at org.apache.catalina.core.StandardEngineValve.invoke(StandardEngineValve.java:118) [tomcat-embed-core-7.0.47.jar:7.0.47]
	at org.apache.catalina.connector.CoyoteAdapter.service(CoyoteAdapter.java:408) [tomcat-embed-core-7.0.47.jar:7.0.47]
	at org.apache.coyote.http11.AbstractHttp11Processor.process(AbstractHttp11Processor.java:1041) [tomcat-embed-core-7.0.47.jar:7.0.47]
	at org.apache.coyote.AbstractProtocol$AbstractConnectionHandler.process(AbstractProtocol.java:603) [tomcat-embed-core-7.0.47.jar:7.0.47]
	at org.apache.tomcat.util.net.JIoEndpoint$SocketProcessor.run(JIoEndpoint.java:310) [tomcat-embed-core-7.0.47.jar:7.0.47]
	at java.util.concurrent.ThreadPoolExecutor.runWorker(ThreadPoolExecutor.java:1142) [?:1.8.0_112]
	at java.util.concurrent.ThreadPoolExecutor$Worker.run(ThreadPoolExecutor.java:617) [?:1.8.0_112]
	at java.lang.Thread.run(Thread.java:745) [?:1.8.0_112]
Caused by: org.springframework.beans.factory.BeanCreationException: Error creating bean with name 'messageProducer': FactoryBean threw exception on object creation; nested exception is java.lang.IllegalStateException: Failed to check the status of the service com.xhkj.upms.service.mq.MessageProducer. No provider available for the service com.xhkj.upms.service.mq.MessageProducer from the url zookeeper://127.0.0.1:2181/com.alibaba.dubbo.registry.RegistryService?application=upms_manager_web&dubbo=2.6.1&interface=com.xhkj.upms.service.mq.MessageProducer&methods=send&pid=23124&register.ip=192.168.1.6&revision=0.0.1-SNAPSHOT&side=consumer&timestamp=1540887959364 to the consumer 192.168.1.6 use dubbo version 2.6.1
	at org.springframework.beans.factory.support.FactoryBeanRegistrySupport.doGetObjectFromFactoryBean(FactoryBeanRegistrySupport.java:178) ~[spring-beans-5.0.7.RELEASE.jar:5.0.7.RELEASE]
	at org.springframework.beans.factory.support.FactoryBeanRegistrySupport.getObjectFromFactoryBean(FactoryBeanRegistrySupport.java:101) ~[spring-beans-5.0.7.RELEASE.jar:5.0.7.RELEASE]
	at org.springframework.beans.factory.support.AbstractBeanFactory.getObjectForBeanInstance(AbstractBeanFactory.java:1645) ~[spring-beans-5.0.7.RELEASE.jar:5.0.7.RELEASE]
	at org.springframework.beans.factory.support.AbstractAutowireCapableBeanFactory.getObjectForBeanInstance(AbstractAutowireCapableBeanFactory.java:1184) ~[spring-beans-5.0.7.RELEASE.jar:5.0.7.RELEASE]
	at org.springframework.beans.factory.support.AbstractBeanFactory.doGetBean(AbstractBeanFactory.java:257) ~[spring-beans-5.0.7.RELEASE.jar:5.0.7.RELEASE]
	at org.springframework.beans.factory.support.AbstractBeanFactory.getBean(AbstractBeanFactory.java:199) ~[spring-beans-5.0.7.RELEASE.jar:5.0.7.RELEASE]
	at org.springframework.beans.factory.config.DependencyDescriptor.resolveCandidate(DependencyDescriptor.java:251) ~[spring-beans-5.0.7.RELEASE.jar:5.0.7.RELEASE]
	at org.springframework.beans.factory.support.DefaultListableBeanFactory.addCandidateEntry(DefaultListableBeanFactory.java:1325) ~[spring-beans-5.0.7.RELEASE.jar:5.0.7.RELEASE]
	at org.springframework.beans.factory.support.DefaultListableBeanFactory.findAutowireCandidates(DefaultListableBeanFactory.java:1291) ~[spring-beans-5.0.7.RELEASE.jar:5.0.7.RELEASE]
	at org.springframework.beans.factory.support.DefaultListableBeanFactory.doResolveDependency(DefaultListableBeanFactory.java:1101) ~[spring-beans-5.0.7.RELEASE.jar:5.0.7.RELEASE]
	at org.springframework.beans.factory.support.DefaultListableBeanFactory.resolveDependency(DefaultListableBeanFactory.java:1065) ~[spring-beans-5.0.7.RELEASE.jar:5.0.7.RELEASE]
	at org.springframework.beans.factory.annotation.AutowiredAnnotationBeanPostProcessor$AutowiredFieldElement.inject(AutowiredAnnotationBeanPostProcessor.java:584) ~[spring-beans-5.0.7.RELEASE.jar:5.0.7.RELEASE]
	... 36 more
Caused by: java.lang.IllegalStateException: Failed to check the status of the service com.xhkj.upms.service.mq.MessageProducer. No provider available for the service com.xhkj.upms.service.mq.MessageProducer from the url zookeeper://127.0.0.1:2181/com.alibaba.dubbo.registry.RegistryService?application=upms_manager_web&dubbo=2.6.1&interface=com.xhkj.upms.service.mq.MessageProducer&methods=send&pid=23124&register.ip=192.168.1.6&revision=0.0.1-SNAPSHOT&side=consumer&timestamp=1540887959364 to the consumer 192.168.1.6 use dubbo version 2.6.1
	at com.alibaba.dubbo.config.ReferenceConfig.createProxy(ReferenceConfig.java:422) ~[dubbo-2.6.1.jar:2.6.1]
	at com.alibaba.dubbo.config.ReferenceConfig.init(ReferenceConfig.java:333) ~[dubbo-2.6.1.jar:2.6.1]
	at com.alibaba.dubbo.config.ReferenceConfig.get(ReferenceConfig.java:163) ~[dubbo-2.6.1.jar:2.6.1]
	at com.alibaba.dubbo.config.spring.ReferenceBean.getObject(ReferenceBean.java:65) ~[dubbo-2.6.1.jar:2.6.1]
	at org.springframework.beans.factory.support.FactoryBeanRegistrySupport.doGetObjectFromFactoryBean(FactoryBeanRegistrySupport.java:171) ~[spring-beans-5.0.7.RELEASE.jar:5.0.7.RELEASE]
	at org.springframework.beans.factory.support.FactoryBeanRegistrySupport.getObjectFromFactoryBean(FactoryBeanRegistrySupport.java:101) ~[spring-beans-5.0.7.RELEASE.jar:5.0.7.RELEASE]
	at org.springframework.beans.factory.support.AbstractBeanFactory.getObjectForBeanInstance(AbstractBeanFactory.java:1645) ~[spring-beans-5.0.7.RELEASE.jar:5.0.7.RELEASE]
	at org.springframework.beans.factory.support.AbstractAutowireCapableBeanFactory.getObjectForBeanInstance(AbstractAutowireCapableBeanFactory.java:1184) ~[spring-beans-5.0.7.RELEASE.jar:5.0.7.RELEASE]
	at org.springframework.beans.factory.support.AbstractBeanFactory.doGetBean(AbstractBeanFactory.java:257) ~[spring-beans-5.0.7.RELEASE.jar:5.0.7.RELEASE]
	at org.springframework.beans.factory.support.AbstractBeanFactory.getBean(AbstractBeanFactory.java:199) ~[spring-beans-5.0.7.RELEASE.jar:5.0.7.RELEASE]
	at org.springframework.beans.factory.config.DependencyDescriptor.resolveCandidate(DependencyDescriptor.java:251) ~[spring-beans-5.0.7.RELEASE.jar:5.0.7.RELEASE]
	at org.springframework.beans.factory.support.DefaultListableBeanFactory.addCandidateEntry(DefaultListableBeanFactory.java:1325) ~[spring-beans-5.0.7.RELEASE.jar:5.0.7.RELEASE]
	at org.springframework.beans.factory.support.DefaultListableBeanFactory.findAutowireCandidates(DefaultListableBeanFactory.java:1291) ~[spring-beans-5.0.7.RELEASE.jar:5.0.7.RELEASE]
	at org.springframework.beans.factory.support.DefaultListableBeanFactory.doResolveDependency(DefaultListableBeanFactory.java:1101) ~[spring-beans-5.0.7.RELEASE.jar:5.0.7.RELEASE]
	at org.springframework.beans.factory.support.DefaultListableBeanFactory.resolveDependency(DefaultListableBeanFactory.java:1065) ~[spring-beans-5.0.7.RELEASE.jar:5.0.7.RELEASE]
	at org.springframework.beans.factory.annotation.AutowiredAnnotationBeanPostProcessor$AutowiredFieldElement.inject(AutowiredAnnotationBeanPostProcessor.java:584) ~[spring-beans-5.0.7.RELEASE.jar:5.0.7.RELEASE]
	... 36 more

