[2018-10-31 17:24:25] INFO  org.springframework.web.context.ContextLoader 270 initWebApplicationContext - Root WebApplicationContext: initialization started
[2018-10-31 17:24:25] INFO  org.springframework.context.support.AbstractApplicationContext 590 prepareRefresh - Refreshing Root WebApplicationContext: startup date [Wed Oct 31 17:24:25 CST 2018]; root of context hierarchy
[2018-10-31 17:24:25] INFO  org.springframework.beans.factory.xml.XmlBeanDefinitionReader 316 loadBeanDefinitions - Loading XML bean definitions from file [E:\code\MyEclipse2017Ci5WorkSpace\upms-mq\upms-service-rabbitmq\target\classes\spring\spring-dubbo.xml]
[2018-10-31 17:24:26] INFO  org.springframework.beans.factory.xml.XmlBeanDefinitionReader 316 loadBeanDefinitions - Loading XML bean definitions from file [E:\code\MyEclipse2017Ci5WorkSpace\upms-mq\upms-service-rabbitmq\target\classes\spring\spring-email.xml]
[2018-10-31 17:24:26] INFO  org.springframework.beans.factory.xml.XmlBeanDefinitionReader 316 loadBeanDefinitions - Loading XML bean definitions from file [E:\code\MyEclipse2017Ci5WorkSpace\upms-mq\upms-service-rabbitmq\target\classes\spring\spring-rabbit.xml]
[2018-10-31 17:24:26] INFO  org.springframework.beans.factory.xml.XmlBeanDefinitionReader 316 loadBeanDefinitions - Loading XML bean definitions from file [E:\code\MyEclipse2017Ci5WorkSpace\upms-mq\upms-service-rabbitmq\target\classes\spring\spring-service.xml]
[2018-10-31 17:24:26] INFO  org.springframework.beans.factory.annotation.AutowiredAnnotationBeanPostProcessor 154 <init> - JSR-330 'javax.inject.Inject' annotation found and supported for autowiring
[2018-10-31 17:24:26] INFO  org.springframework.beans.factory.annotation.AutowiredAnnotationBeanPostProcessor 154 <init> - JSR-330 'javax.inject.Inject' annotation found and supported for autowiring
[2018-10-31 17:24:28] INFO  org.springframework.context.support.DefaultLifecycleProcessor$LifecycleGroup 351 start - Starting beans in phase -2147482648
[2018-10-31 17:24:28] INFO  org.springframework.context.support.DefaultLifecycleProcessor$LifecycleGroup 351 start - Starting beans in phase 2147483647
[2018-10-31 17:24:28] INFO  org.springframework.amqp.rabbit.connection.AbstractConnectionFactory 304 createBareConnection - Created new connection: SimpleConnection@3c14592b [delegate=amqp://guest@139.159.184.21:5672/, localPort= 54018]
[2018-10-31 17:24:28] INFO  org.springframework.web.context.ContextLoader 310 initWebApplicationContext - Root WebApplicationContext: initialization completed in 3079 ms
[2018-10-31 17:29:25] INFO  org.springframework.web.context.ContextLoader 270 initWebApplicationContext - Root WebApplicationContext: initialization started
[2018-10-31 17:29:25] INFO  org.springframework.context.support.AbstractApplicationContext 590 prepareRefresh - Refreshing Root WebApplicationContext: startup date [Wed Oct 31 17:29:25 CST 2018]; root of context hierarchy
[2018-10-31 17:29:25] INFO  org.springframework.beans.factory.xml.XmlBeanDefinitionReader 316 loadBeanDefinitions - Loading XML bean definitions from file [E:\code\MyEclipse2017Ci5WorkSpace\upms-mq\upms-service-rabbitmq\target\classes\spring\spring-dubbo.xml]
[2018-10-31 17:29:25] INFO  org.springframework.beans.factory.xml.XmlBeanDefinitionReader 316 loadBeanDefinitions - Loading XML bean definitions from file [E:\code\MyEclipse2017Ci5WorkSpace\upms-mq\upms-service-rabbitmq\target\classes\spring\spring-email.xml]
[2018-10-31 17:29:25] INFO  org.springframework.beans.factory.xml.XmlBeanDefinitionReader 316 loadBeanDefinitions - Loading XML bean definitions from file [E:\code\MyEclipse2017Ci5WorkSpace\upms-mq\upms-service-rabbitmq\target\classes\spring\spring-rabbit.xml]
[2018-10-31 17:29:25] INFO  org.springframework.beans.factory.xml.XmlBeanDefinitionReader 316 loadBeanDefinitions - Loading XML bean definitions from file [E:\code\MyEclipse2017Ci5WorkSpace\upms-mq\upms-service-rabbitmq\target\classes\spring\spring-service.xml]
[2018-10-31 17:29:25] INFO  org.springframework.beans.factory.annotation.AutowiredAnnotationBeanPostProcessor 154 <init> - JSR-330 'javax.inject.Inject' annotation found and supported for autowiring
[2018-10-31 17:29:25] INFO  org.springframework.beans.factory.annotation.AutowiredAnnotationBeanPostProcessor 154 <init> - JSR-330 'javax.inject.Inject' annotation found and supported for autowiring
[2018-10-31 17:29:27] INFO  org.springframework.context.support.DefaultLifecycleProcessor$LifecycleGroup 351 start - Starting beans in phase -2147482648
[2018-10-31 17:29:27] INFO  org.springframework.context.support.DefaultLifecycleProcessor$LifecycleGroup 351 start - Starting beans in phase 2147483647
[2018-10-31 17:29:27] INFO  org.springframework.amqp.rabbit.connection.AbstractConnectionFactory 304 createBareConnection - Created new connection: SimpleConnection@d7ad0ea [delegate=amqp://guest@139.159.184.21:5672/, localPort= 54252]
[2018-10-31 17:29:28] INFO  org.springframework.web.context.ContextLoader 310 initWebApplicationContext - Root WebApplicationContext: initialization completed in 2706 ms
[2018-10-31 17:51:14] INFO  org.springframework.web.context.ContextLoader 270 initWebApplicationContext - Root WebApplicationContext: initialization started
[2018-10-31 17:51:14] INFO  org.springframework.context.support.AbstractApplicationContext 590 prepareRefresh - Refreshing Root WebApplicationContext: startup date [Wed Oct 31 17:51:14 CST 2018]; root of context hierarchy
[2018-10-31 17:51:14] INFO  org.springframework.beans.factory.xml.XmlBeanDefinitionReader 316 loadBeanDefinitions - Loading XML bean definitions from file [E:\code\MyEclipse2017Ci5WorkSpace\upms-mq\upms-service-rabbitmq\target\classes\spring\spring-dubbo.xml]
[2018-10-31 17:51:14] INFO  org.springframework.beans.factory.xml.XmlBeanDefinitionReader 316 loadBeanDefinitions - Loading XML bean definitions from file [E:\code\MyEclipse2017Ci5WorkSpace\upms-mq\upms-service-rabbitmq\target\classes\spring\spring-email.xml]
[2018-10-31 17:51:14] INFO  org.springframework.beans.factory.xml.XmlBeanDefinitionReader 316 loadBeanDefinitions - Loading XML bean definitions from file [E:\code\MyEclipse2017Ci5WorkSpace\upms-mq\upms-service-rabbitmq\target\classes\spring\spring-rabbit.xml]
[2018-10-31 17:51:14] INFO  org.springframework.beans.factory.xml.XmlBeanDefinitionReader 316 loadBeanDefinitions - Loading XML bean definitions from file [E:\code\MyEclipse2017Ci5WorkSpace\upms-mq\upms-service-rabbitmq\target\classes\spring\spring-service.xml]
[2018-10-31 17:51:14] INFO  org.springframework.beans.factory.annotation.AutowiredAnnotationBeanPostProcessor 154 <init> - JSR-330 'javax.inject.Inject' annotation found and supported for autowiring
[2018-10-31 17:51:14] INFO  org.springframework.beans.factory.annotation.AutowiredAnnotationBeanPostProcessor 154 <init> - JSR-330 'javax.inject.Inject' annotation found and supported for autowiring
[2018-10-31 17:51:16] INFO  org.springframework.context.support.DefaultLifecycleProcessor$LifecycleGroup 351 start - Starting beans in phase -2147482648
[2018-10-31 17:51:16] INFO  org.springframework.context.support.DefaultLifecycleProcessor$LifecycleGroup 351 start - Starting beans in phase 2147483647
[2018-10-31 17:51:16] INFO  org.springframework.amqp.rabbit.connection.AbstractConnectionFactory 304 createBareConnection - Created new connection: SimpleConnection@513ce35c [delegate=amqp://guest@139.159.184.21:5672/, localPort= 55164]
[2018-10-31 17:51:17] INFO  org.springframework.web.context.ContextLoader 310 initWebApplicationContext - Root WebApplicationContext: initialization completed in 2731 ms
[2018-10-31 18:07:07] INFO  org.springframework.web.context.ContextLoader 270 initWebApplicationContext - Root WebApplicationContext: initialization started
[2018-10-31 18:07:07] INFO  org.springframework.context.support.AbstractApplicationContext 590 prepareRefresh - Refreshing Root WebApplicationContext: startup date [Wed Oct 31 18:07:07 CST 2018]; root of context hierarchy
[2018-10-31 18:07:07] INFO  org.springframework.beans.factory.xml.XmlBeanDefinitionReader 316 loadBeanDefinitions - Loading XML bean definitions from file [E:\code\MyEclipse2017Ci5WorkSpace\upms-mq\upms-service-rabbitmq\target\classes\spring\spring-dubbo.xml]
[2018-10-31 18:07:07] INFO  org.springframework.beans.factory.xml.XmlBeanDefinitionReader 316 loadBeanDefinitions - Loading XML bean definitions from file [E:\code\MyEclipse2017Ci5WorkSpace\upms-mq\upms-service-rabbitmq\target\classes\spring\spring-email.xml]
[2018-10-31 18:07:07] INFO  org.springframework.beans.factory.xml.XmlBeanDefinitionReader 316 loadBeanDefinitions - Loading XML bean definitions from file [E:\code\MyEclipse2017Ci5WorkSpace\upms-mq\upms-service-rabbitmq\target\classes\spring\spring-rabbit.xml]
[2018-10-31 18:07:07] INFO  org.springframework.beans.factory.xml.XmlBeanDefinitionReader 316 loadBeanDefinitions - Loading XML bean definitions from file [E:\code\MyEclipse2017Ci5WorkSpace\upms-mq\upms-service-rabbitmq\target\classes\spring\spring-service.xml]
[2018-10-31 18:07:08] INFO  org.springframework.beans.factory.annotation.AutowiredAnnotationBeanPostProcessor 154 <init> - JSR-330 'javax.inject.Inject' annotation found and supported for autowiring
[2018-10-31 18:07:08] INFO  org.springframework.beans.factory.annotation.AutowiredAnnotationBeanPostProcessor 154 <init> - JSR-330 'javax.inject.Inject' annotation found and supported for autowiring
[2018-10-31 18:07:10] INFO  org.springframework.context.support.DefaultLifecycleProcessor$LifecycleGroup 351 start - Starting beans in phase -2147482648
[2018-10-31 18:07:10] INFO  org.springframework.context.support.DefaultLifecycleProcessor$LifecycleGroup 351 start - Starting beans in phase 2147483647
[2018-10-31 18:07:10] INFO  org.springframework.amqp.rabbit.connection.AbstractConnectionFactory 304 createBareConnection - Created new connection: SimpleConnection@57bfd1a1 [delegate=amqp://guest@139.159.184.21:5672/, localPort= 56864]
[2018-10-31 18:07:10] INFO  org.springframework.web.context.ContextLoader 310 initWebApplicationContext - Root WebApplicationContext: initialization completed in 2862 ms
[2018-10-31 18:09:51] INFO  org.springframework.web.context.ContextLoader 270 initWebApplicationContext - Root WebApplicationContext: initialization started
[2018-10-31 18:09:51] INFO  org.springframework.context.support.AbstractApplicationContext 590 prepareRefresh - Refreshing Root WebApplicationContext: startup date [Wed Oct 31 18:09:51 CST 2018]; root of context hierarchy
[2018-10-31 18:09:51] INFO  org.springframework.beans.factory.xml.XmlBeanDefinitionReader 316 loadBeanDefinitions - Loading XML bean definitions from file [E:\code\MyEclipse2017Ci5WorkSpace\upms-mq\upms-service-rabbitmq\target\classes\spring\spring-dubbo.xml]
[2018-10-31 18:09:51] INFO  org.springframework.beans.factory.xml.XmlBeanDefinitionReader 316 loadBeanDefinitions - Loading XML bean definitions from file [E:\code\MyEclipse2017Ci5WorkSpace\upms-mq\upms-service-rabbitmq\target\classes\spring\spring-email.xml]
[2018-10-31 18:09:51] INFO  org.springframework.beans.factory.xml.XmlBeanDefinitionReader 316 loadBeanDefinitions - Loading XML bean definitions from file [E:\code\MyEclipse2017Ci5WorkSpace\upms-mq\upms-service-rabbitmq\target\classes\spring\spring-rabbit.xml]
[2018-10-31 18:09:51] INFO  org.springframework.beans.factory.xml.XmlBeanDefinitionReader 316 loadBeanDefinitions - Loading XML bean definitions from file [E:\code\MyEclipse2017Ci5WorkSpace\upms-mq\upms-service-rabbitmq\target\classes\spring\spring-service.xml]
[2018-10-31 18:09:51] INFO  org.springframework.beans.factory.annotation.AutowiredAnnotationBeanPostProcessor 154 <init> - JSR-330 'javax.inject.Inject' annotation found and supported for autowiring
[2018-10-31 18:09:51] INFO  org.springframework.beans.factory.annotation.AutowiredAnnotationBeanPostProcessor 154 <init> - JSR-330 'javax.inject.Inject' annotation found and supported for autowiring
[2018-10-31 18:09:53] INFO  org.springframework.context.support.DefaultLifecycleProcessor$LifecycleGroup 351 start - Starting beans in phase -2147482648
[2018-10-31 18:09:53] INFO  org.springframework.context.support.DefaultLifecycleProcessor$LifecycleGroup 351 start - Starting beans in phase 2147483647
[2018-10-31 18:09:53] INFO  org.springframework.amqp.rabbit.connection.AbstractConnectionFactory 304 createBareConnection - Created new connection: SimpleConnection@51ec0d46 [delegate=amqp://guest@139.159.184.21:5672/, localPort= 57261]
[2018-10-31 18:09:53] INFO  org.springframework.web.context.ContextLoader 310 initWebApplicationContext - Root WebApplicationContext: initialization completed in 2617 ms
