[2018-10-30 10:54:11] WARN  org.springframework.amqp.rabbit.listener.SimpleMessageListenerContainer$AsyncMessageProcessingConsumer 1462 logConsumerException - Consumer raised exception, processing can restart if the connection factory supports it org.springframework.amqp.AmqpConnectException: java.net.ConnectException: Connection timed out: connect
	at org.springframework.amqp.rabbit.support.RabbitExceptionTranslator.convertRabbitAccessException(RabbitExceptionTranslator.java:62) ~[spring-rabbit-1.6.1.RELEASE.jar:?]
	at org.springframework.amqp.rabbit.connection.AbstractConnectionFactory.createBareConnection(AbstractConnectionFactory.java:309) ~[spring-rabbit-1.6.1.RELEASE.jar:?]
	at org.springframework.amqp.rabbit.connection.CachingConnectionFactory.createConnection(CachingConnectionFactory.java:547) ~[spring-rabbit-1.6.1.RELEASE.jar:?]
	at org.springframework.amqp.rabbit.connection.ConnectionFactoryUtils$1.createConnection(ConnectionFactoryUtils.java:90) ~[spring-rabbit-1.6.1.RELEASE.jar:?]
	at org.springframework.amqp.rabbit.connection.ConnectionFactoryUtils.doGetTransactionalResourceHolder(ConnectionFactoryUtils.java:140) ~[spring-rabbit-1.6.1.RELEASE.jar:?]
	at org.springframework.amqp.rabbit.connection.ConnectionFactoryUtils.getTransactionalResourceHolder(ConnectionFactoryUtils.java:76) ~[spring-rabbit-1.6.1.RELEASE.jar:?]
	at org.springframework.amqp.rabbit.listener.BlockingQueueConsumer.start(BlockingQueueConsumer.java:472) ~[spring-rabbit-1.6.1.RELEASE.jar:?]
	at org.springframework.amqp.rabbit.listener.SimpleMessageListenerContainer$AsyncMessageProcessingConsumer.run(SimpleMessageListenerContainer.java:1280) [spring-rabbit-1.6.1.RELEASE.jar:?]
	at java.lang.Thread.run(Thread.java:745) [?:1.8.0_112]
Caused by: java.net.ConnectException: Connection timed out: connect
	at java.net.DualStackPlainSocketImpl.waitForConnect(Native Method) ~[?:1.8.0_112]
	at java.net.DualStackPlainSocketImpl.socketConnect(DualStackPlainSocketImpl.java:85) ~[?:1.8.0_112]
	at java.net.AbstractPlainSocketImpl.doConnect(AbstractPlainSocketImpl.java:350) ~[?:1.8.0_112]
	at java.net.AbstractPlainSocketImpl.connectToAddress(AbstractPlainSocketImpl.java:206) ~[?:1.8.0_112]
	at java.net.AbstractPlainSocketImpl.connect(AbstractPlainSocketImpl.java:188) ~[?:1.8.0_112]
	at java.net.PlainSocketImpl.connect(PlainSocketImpl.java:172) ~[?:1.8.0_112]
	at java.net.SocksSocketImpl.connect(SocksSocketImpl.java:392) ~[?:1.8.0_112]
	at java.net.Socket.connect(Socket.java:589) ~[?:1.8.0_112]
	at com.rabbitmq.client.impl.FrameHandlerFactory.create(FrameHandlerFactory.java:32) ~[amqp-client-3.6.3.jar:?]
	at com.rabbitmq.client.ConnectionFactory.newConnection(ConnectionFactory.java:811) ~[amqp-client-3.6.3.jar:?]
	at com.rabbitmq.client.ConnectionFactory.newConnection(ConnectionFactory.java:767) ~[amqp-client-3.6.3.jar:?]
	at com.rabbitmq.client.ConnectionFactory.newConnection(ConnectionFactory.java:887) ~[amqp-client-3.6.3.jar:?]
	at org.springframework.amqp.rabbit.connection.AbstractConnectionFactory.createBareConnection(AbstractConnectionFactory.java:300) ~[spring-rabbit-1.6.1.RELEASE.jar:?]
	... 7 more

[2018-10-30 11:50:58] WARN  org.springframework.context.support.AbstractApplicationContext 558 refresh - Exception encountered during context initialization - cancelling refresh attempt: org.springframework.beans.factory.UnsatisfiedDependencyException: Error creating bean with name 'serviceLogAspect': Unsatisfied dependency expressed through field 'systemService'; nested exception is org.springframework.beans.factory.NoSuchBeanDefinitionException: No qualifying bean of type 'com.xhkj.upms.service.log.SystemService' available: expected at least 1 bean which qualifies as autowire candidate. Dependency annotations: {@org.springframework.beans.factory.annotation.Autowired(required=true)}
[2018-10-30 11:52:46] WARN  org.springframework.context.support.AbstractApplicationContext 558 refresh - Exception encountered during context initialization - cancelling refresh attempt: org.springframework.beans.factory.UnsatisfiedDependencyException: Error creating bean with name 'serviceLogAspect': Unsatisfied dependency expressed through field 'systemService'; nested exception is org.springframework.beans.factory.NoSuchBeanDefinitionException: No qualifying bean of type 'com.xhkj.upms.service.log.SystemService' available: expected at least 1 bean which qualifies as autowire candidate. Dependency annotations: {@org.springframework.beans.factory.annotation.Autowired(required=true)}
[2018-10-30 11:56:17] WARN  org.springframework.context.support.AbstractApplicationContext 558 refresh - Exception encountered during context initialization - cancelling refresh attempt: org.springframework.beans.factory.BeanCreationException: Error creating bean with name 'SystemService': Invocation of init method failed; nested exception is java.lang.IllegalStateException: Duplicate application configs: <dubbo:application name="upms-service-rabbitmq-consumer" id="upms-service-rabbitmq-consumer" /> and <dubbo:application name="upms-service-rabbitmq-producer" id="upms-service-rabbitmq-producer" />
[2018-10-30 16:20:57] WARN  org.springframework.context.support.AbstractApplicationContext 558 refresh - Exception encountered during context initialization - cancelling refresh attempt: org.springframework.beans.factory.BeanInitializationException: Could not load properties; nested exception is java.io.FileNotFoundException: Could not open ServletContext resource [/conf/mail.properties]
[2018-10-30 16:27:17] WARN  org.springframework.context.support.AbstractApplicationContext 558 refresh - Exception encountered during context initialization - cancelling refresh attempt: org.springframework.beans.factory.BeanInitializationException: Could not load properties; nested exception is java.io.FileNotFoundException: Could not open ServletContext resource [/conf/mail.properties]
[2018-10-30 16:28:45] WARN  org.springframework.context.support.AbstractApplicationContext 558 refresh - Exception encountered during context initialization - cancelling refresh attempt: org.springframework.beans.factory.BeanInitializationException: Could not load properties; nested exception is java.io.FileNotFoundException: Could not open ServletContext resource [/conf/mail.properties]
[2018-10-30 16:35:58] WARN  org.springframework.context.support.AbstractApplicationContext 558 refresh - Exception encountered during context initialization - cancelling refresh attempt: org.springframework.beans.factory.BeanInitializationException: Could not load properties; nested exception is java.io.FileNotFoundException: Could not open ServletContext resource [/conf/mail.properties]
[2018-10-30 16:36:24] WARN  org.springframework.context.support.AbstractApplicationContext 558 refresh - Exception encountered during context initialization - cancelling refresh attempt: org.springframework.beans.factory.BeanCreationException: Error creating bean with name 'com.xhkj.upms.service.mq.MessageProducer': Cannot resolve reference to bean 'rabbitMqMessageProducer' while setting bean property 'ref'; nested exception is org.springframework.beans.factory.UnsatisfiedDependencyException: Error creating bean with name 'rabbitMqMessageProducer': Unsatisfied dependency expressed through field 'rabbitTemplate'; nested exception is org.springframework.beans.factory.CannotLoadBeanClassException: Cannot find class [com.zlg.test.springmail.MailSenderDemo] for bean with name 'MailSenderDemo' defined in file [E:\code\MyEclipse2017Ci5WorkSpace\upms-mq\upms-service-rabbitmq\target\classes\spring\spring-email.xml]; nested exception is java.lang.ClassNotFoundException: com.zlg.test.springmail.MailSenderDemo
