[2018-10-29 14:31:34] ERROR org.springframework.web.context.ContextLoader 316 initWebApplicationContext - Context initialization failed com.alibaba.dubbo.rpc.RpcException: Fail to start server(url: dubbo://192.168.1.6:20880/com.xhkj.sso.service.LoginService?anyhost=true&application=upms_sso_service&bind.ip=192.168.1.6&bind.port=20880&channel.readonly.sent=true&codec=dubbo&dubbo=2.6.1&generic=false&heartbeat=60000&interface=com.xhkj.sso.service.LoginService&methods=logout,addUser,getUserByToken,searchUserByAccount,login&pid=12536&revision=0.0.1-SNAPSHOT&side=provider&timeout=30000&timestamp=1540794694318) Failed to bind NettyServer on /192.168.1.6:20880, cause: Failed to bind to: /0.0.0.0:20880
	at com.alibaba.dubbo.rpc.protocol.dubbo.DubboProtocol.createServer(DubboProtocol.java:283) ~[dubbo-2.6.1.jar:2.6.1]
	at com.alibaba.dubbo.rpc.protocol.dubbo.DubboProtocol.openServer(DubboProtocol.java:260) ~[dubbo-2.6.1.jar:2.6.1]
	at com.alibaba.dubbo.rpc.protocol.dubbo.DubboProtocol.export(DubboProtocol.java:247) ~[dubbo-2.6.1.jar:2.6.1]
	at com.alibaba.dubbo.rpc.protocol.ProtocolListenerWrapper.export(ProtocolListenerWrapper.java:56) ~[dubbo-2.6.1.jar:2.6.1]
	at com.alibaba.dubbo.rpc.protocol.ProtocolFilterWrapper.export(ProtocolFilterWrapper.java:93) ~[dubbo-2.6.1.jar:2.6.1]
	at com.alibaba.dubbo.qos.protocol.QosProtocolWrapper.export(QosProtocolWrapper.java:56) ~[dubbo-2.6.1.jar:2.6.1]
	at com.alibaba.dubbo.rpc.Protocol$Adaptive.export(Protocol$Adaptive.java) ~[dubbo-2.6.1.jar:2.6.1]
	at com.alibaba.dubbo.registry.integration.RegistryProtocol.doLocalExport(RegistryProtocol.java:166) ~[dubbo-2.6.1.jar:2.6.1]
	at com.alibaba.dubbo.registry.integration.RegistryProtocol.export(RegistryProtocol.java:129) ~[dubbo-2.6.1.jar:2.6.1]
	at com.alibaba.dubbo.rpc.protocol.ProtocolListenerWrapper.export(ProtocolListenerWrapper.java:54) ~[dubbo-2.6.1.jar:2.6.1]
	at com.alibaba.dubbo.rpc.protocol.ProtocolFilterWrapper.export(ProtocolFilterWrapper.java:91) ~[dubbo-2.6.1.jar:2.6.1]
	at com.alibaba.dubbo.qos.protocol.QosProtocolWrapper.export(QosProtocolWrapper.java:54) ~[dubbo-2.6.1.jar:2.6.1]
	at com.alibaba.dubbo.rpc.Protocol$Adaptive.export(Protocol$Adaptive.java) ~[dubbo-2.6.1.jar:2.6.1]
	at com.alibaba.dubbo.config.ServiceConfig.doExportUrlsFor1Protocol(ServiceConfig.java:505) ~[dubbo-2.6.1.jar:2.6.1]
	at com.alibaba.dubbo.config.ServiceConfig.doExportUrls(ServiceConfig.java:357) ~[dubbo-2.6.1.jar:2.6.1]
	at com.alibaba.dubbo.config.ServiceConfig.doExport(ServiceConfig.java:316) ~[dubbo-2.6.1.jar:2.6.1]
	at com.alibaba.dubbo.config.ServiceConfig.export(ServiceConfig.java:215) ~[dubbo-2.6.1.jar:2.6.1]
	at com.alibaba.dubbo.config.spring.ServiceBean.onApplicationEvent(ServiceBean.java:121) ~[dubbo-2.6.1.jar:2.6.1]
	at com.alibaba.dubbo.config.spring.ServiceBean.onApplicationEvent(ServiceBean.java:50) ~[dubbo-2.6.1.jar:2.6.1]
	at org.springframework.context.event.SimpleApplicationEventMulticaster.doInvokeListener(SimpleApplicationEventMulticaster.java:172) ~[spring-context-5.0.7.RELEASE.jar:5.0.7.RELEASE]
	at org.springframework.context.event.SimpleApplicationEventMulticaster.invokeListener(SimpleApplicationEventMulticaster.java:165) ~[spring-context-5.0.7.RELEASE.jar:5.0.7.RELEASE]
	at org.springframework.context.event.SimpleApplicationEventMulticaster.multicastEvent(SimpleApplicationEventMulticaster.java:139) ~[spring-context-5.0.7.RELEASE.jar:5.0.7.RELEASE]
	at org.springframework.context.support.AbstractApplicationContext.publishEvent(AbstractApplicationContext.java:400) ~[spring-context-5.0.7.RELEASE.jar:5.0.7.RELEASE]
	at org.springframework.context.support.AbstractApplicationContext.publishEvent(AbstractApplicationContext.java:354) ~[spring-context-5.0.7.RELEASE.jar:5.0.7.RELEASE]
	at org.springframework.context.support.AbstractApplicationContext.finishRefresh(AbstractApplicationContext.java:888) ~[spring-context-5.0.7.RELEASE.jar:5.0.7.RELEASE]
	at org.springframework.context.support.AbstractApplicationContext.refresh(AbstractApplicationContext.java:553) ~[spring-context-5.0.7.RELEASE.jar:5.0.7.RELEASE]
	at org.springframework.web.context.ContextLoader.configureAndRefreshWebApplicationContext(ContextLoader.java:409) ~[spring-web-5.0.7.RELEASE.jar:5.0.7.RELEASE]
	at org.springframework.web.context.ContextLoader.initWebApplicationContext(ContextLoader.java:291) [spring-web-5.0.7.RELEASE.jar:5.0.7.RELEASE]
	at org.springframework.web.context.ContextLoaderListener.contextInitialized(ContextLoaderListener.java:103) [spring-web-5.0.7.RELEASE.jar:5.0.7.RELEASE]
	at org.apache.catalina.core.StandardContext.listenerStart(StandardContext.java:4939) [tomcat-embed-core-7.0.47.jar:7.0.47]
	at org.apache.catalina.core.StandardContext.startInternal(StandardContext.java:5434) [tomcat-embed-core-7.0.47.jar:7.0.47]
	at org.apache.catalina.util.LifecycleBase.start(LifecycleBase.java:150) [tomcat-embed-core-7.0.47.jar:7.0.47]
	at org.apache.catalina.core.ContainerBase$StartChild.call(ContainerBase.java:1559) [tomcat-embed-core-7.0.47.jar:7.0.47]
	at org.apache.catalina.core.ContainerBase$StartChild.call(ContainerBase.java:1549) [tomcat-embed-core-7.0.47.jar:7.0.47]
	at java.util.concurrent.FutureTask.run(FutureTask.java:266) [?:1.8.0_112]
	at java.util.concurrent.ThreadPoolExecutor.runWorker(ThreadPoolExecutor.java:1142) [?:1.8.0_112]
	at java.util.concurrent.ThreadPoolExecutor$Worker.run(ThreadPoolExecutor.java:617) [?:1.8.0_112]
	at java.lang.Thread.run(Thread.java:745) [?:1.8.0_112]
Caused by: com.alibaba.dubbo.remoting.RemotingException: Failed to bind NettyServer on /192.168.1.6:20880, cause: Failed to bind to: /0.0.0.0:20880
	at com.alibaba.dubbo.remoting.transport.AbstractServer.<init>(AbstractServer.java:68) ~[dubbo-2.6.1.jar:2.6.1]
	at com.alibaba.dubbo.remoting.transport.netty.NettyServer.<init>(NettyServer.java:61) ~[dubbo-2.6.1.jar:2.6.1]
	at com.alibaba.dubbo.remoting.transport.netty.NettyTransporter.bind(NettyTransporter.java:31) ~[dubbo-2.6.1.jar:2.6.1]
	at com.alibaba.dubbo.remoting.Transporter$Adaptive.bind(Transporter$Adaptive.java) ~[dubbo-2.6.1.jar:2.6.1]
	at com.alibaba.dubbo.remoting.Transporters.bind(Transporters.java:56) ~[dubbo-2.6.1.jar:2.6.1]
	at com.alibaba.dubbo.remoting.exchange.support.header.HeaderExchanger.bind(HeaderExchanger.java:42) ~[dubbo-2.6.1.jar:2.6.1]
	at com.alibaba.dubbo.remoting.exchange.Exchangers.bind(Exchangers.java:70) ~[dubbo-2.6.1.jar:2.6.1]
	at com.alibaba.dubbo.rpc.protocol.dubbo.DubboProtocol.createServer(DubboProtocol.java:281) ~[dubbo-2.6.1.jar:2.6.1]
	... 37 more
Caused by: org.jboss.netty.channel.ChannelException: Failed to bind to: /0.0.0.0:20880
	at org.jboss.netty.bootstrap.ServerBootstrap.bind(ServerBootstrap.java:303) ~[netty-3.2.5.Final.jar:?]
	at com.alibaba.dubbo.remoting.transport.netty.NettyServer.doOpen(NettyServer.java:92) ~[dubbo-2.6.1.jar:2.6.1]
	at com.alibaba.dubbo.remoting.transport.AbstractServer.<init>(AbstractServer.java:63) ~[dubbo-2.6.1.jar:2.6.1]
	at com.alibaba.dubbo.remoting.transport.netty.NettyServer.<init>(NettyServer.java:61) ~[dubbo-2.6.1.jar:2.6.1]
	at com.alibaba.dubbo.remoting.transport.netty.NettyTransporter.bind(NettyTransporter.java:31) ~[dubbo-2.6.1.jar:2.6.1]
	at com.alibaba.dubbo.remoting.Transporter$Adaptive.bind(Transporter$Adaptive.java) ~[dubbo-2.6.1.jar:2.6.1]
	at com.alibaba.dubbo.remoting.Transporters.bind(Transporters.java:56) ~[dubbo-2.6.1.jar:2.6.1]
	at com.alibaba.dubbo.remoting.exchange.support.header.HeaderExchanger.bind(HeaderExchanger.java:42) ~[dubbo-2.6.1.jar:2.6.1]
	at com.alibaba.dubbo.remoting.exchange.Exchangers.bind(Exchangers.java:70) ~[dubbo-2.6.1.jar:2.6.1]
	at com.alibaba.dubbo.rpc.protocol.dubbo.DubboProtocol.createServer(DubboProtocol.java:281) ~[dubbo-2.6.1.jar:2.6.1]
	... 37 more
Caused by: java.net.BindException: Address already in use: bind
	at sun.nio.ch.Net.bind0(Native Method) ~[?:1.8.0_112]
	at sun.nio.ch.Net.bind(Net.java:433) ~[?:1.8.0_112]
	at sun.nio.ch.Net.bind(Net.java:425) ~[?:1.8.0_112]
	at sun.nio.ch.ServerSocketChannelImpl.bind(ServerSocketChannelImpl.java:223) ~[?:1.8.0_112]
	at sun.nio.ch.ServerSocketAdaptor.bind(ServerSocketAdaptor.java:74) ~[?:1.8.0_112]
	at org.jboss.netty.channel.socket.nio.NioServerSocketPipelineSink.bind(NioServerSocketPipelineSink.java:148) ~[netty-3.2.5.Final.jar:?]
	at org.jboss.netty.channel.socket.nio.NioServerSocketPipelineSink.handleServerSocket(NioServerSocketPipelineSink.java:100) ~[netty-3.2.5.Final.jar:?]
	at org.jboss.netty.channel.socket.nio.NioServerSocketPipelineSink.eventSunk(NioServerSocketPipelineSink.java:74) ~[netty-3.2.5.Final.jar:?]
	at org.jboss.netty.channel.Channels.bind(Channels.java:468) ~[netty-3.2.5.Final.jar:?]
	at org.jboss.netty.channel.AbstractChannel.bind(AbstractChannel.java:192) ~[netty-3.2.5.Final.jar:?]
	at org.jboss.netty.bootstrap.ServerBootstrap$Binder.channelOpen(ServerBootstrap.java:348) ~[netty-3.2.5.Final.jar:?]
	at org.jboss.netty.channel.Channels.fireChannelOpen(Channels.java:176) ~[netty-3.2.5.Final.jar:?]
	at org.jboss.netty.channel.socket.nio.NioServerSocketChannel.<init>(NioServerSocketChannel.java:85) ~[netty-3.2.5.Final.jar:?]
	at org.jboss.netty.channel.socket.nio.NioServerSocketChannelFactory.newChannel(NioServerSocketChannelFactory.java:142) ~[netty-3.2.5.Final.jar:?]
	at org.jboss.netty.channel.socket.nio.NioServerSocketChannelFactory.newChannel(NioServerSocketChannelFactory.java:90) ~[netty-3.2.5.Final.jar:?]
	at org.jboss.netty.bootstrap.ServerBootstrap.bind(ServerBootstrap.java:282) ~[netty-3.2.5.Final.jar:?]
	at com.alibaba.dubbo.remoting.transport.netty.NettyServer.doOpen(NettyServer.java:92) ~[dubbo-2.6.1.jar:2.6.1]
	at com.alibaba.dubbo.remoting.transport.AbstractServer.<init>(AbstractServer.java:63) ~[dubbo-2.6.1.jar:2.6.1]
	at com.alibaba.dubbo.remoting.transport.netty.NettyServer.<init>(NettyServer.java:61) ~[dubbo-2.6.1.jar:2.6.1]
	at com.alibaba.dubbo.remoting.transport.netty.NettyTransporter.bind(NettyTransporter.java:31) ~[dubbo-2.6.1.jar:2.6.1]
	at com.alibaba.dubbo.remoting.Transporter$Adaptive.bind(Transporter$Adaptive.java) ~[dubbo-2.6.1.jar:2.6.1]
	at com.alibaba.dubbo.remoting.Transporters.bind(Transporters.java:56) ~[dubbo-2.6.1.jar:2.6.1]
	at com.alibaba.dubbo.remoting.exchange.support.header.HeaderExchanger.bind(HeaderExchanger.java:42) ~[dubbo-2.6.1.jar:2.6.1]
	at com.alibaba.dubbo.remoting.exchange.Exchangers.bind(Exchangers.java:70) ~[dubbo-2.6.1.jar:2.6.1]
	at com.alibaba.dubbo.rpc.protocol.dubbo.DubboProtocol.createServer(DubboProtocol.java:281) ~[dubbo-2.6.1.jar:2.6.1]
	... 37 more

